#
# There is insufficient memory for the Java Runtime Environment to continue.
# Native memory allocation (mmap) failed to map 65536 bytes for Failed to commit metaspace.
# Possible reasons:
#   The system is out of physical RAM or swap space
#   The process is running with CompressedOops enabled, and the Java Heap may be blocking the growth of the native heap
# Possible solutions:
#   Reduce memory load on the system
#   Increase physical memory or swap space
#   Check if swap backing store is full
#   Decrease Java heap size (-Xmx/-Xms)
#   Decrease number of Java threads
#   Decrease Java thread stack sizes (-Xss)
#   Set larger code cache with -XX:ReservedCodeCacheSize=
#   JVM is running with Unscaled Compressed Oops mode in which the Java heap is
#     placed in the first 4GB address space. The Java Heap base address is the
#     maximum limit for the native heap growth. Please use -XX:HeapBaseMinAddress
#     to set the Java Heap base and to place the Java Heap above 4GB virtual address.
# This output file may be truncated or incomplete.
#
#  Out of Memory Error (virtualSpaceNode.cpp:110), pid=2964, tid=11572
#
# JRE version: OpenJDK Runtime Environment (17.0.2+8) (build 17.0.2+8-86)
# Java VM: OpenJDK 64-Bit Server VM (17.0.2+8-86, mixed mode, sharing, tiered, compressed oops, compressed class ptrs, g1 gc, windows-amd64)
# No core dump will be written. Minidumps are not enabled by default on client versions of Windows
#

---------------  S U M M A R Y ------------

Command Line: -javaagent:E:\IDE-tools\IntelliJ IDEA 2021.3.1\lib\idea_rt.jar=61397:E:\IDE-tools\IntelliJ IDEA 2021.3.1\bin -Dfile.encoding=UTF-8 com.company.Main

Host: Intel(R) Core(TM) i5-8250U CPU @ 1.60GHz, 8 cores, 7G,  Windows 10 , 64 bit Build 19041 (10.0.19041.1741)
Time: Thu Jul  7 15:49:38 2022 Eastern Daylight Time elapsed time: 0.102948 seconds (0d 0h 0m 0s)

---------------  T H R E A D  ---------------

Current thread (0x000001256d44d4e0):  JavaThread "main" [_thread_in_vm, id=11572, stack(0x0000000a26b00000,0x0000000a26c00000)]

Stack: [0x0000000a26b00000,0x0000000a26c00000]
Native frames: (J=compiled Java code, j=interpreted, Vv=VM code, C=native code)
V  [jvm.dll+0x670baa]
V  [jvm.dll+0x7cfcb4]
V  [jvm.dll+0x7d145e]
V  [jvm.dll+0x7d1ac3]
V  [jvm.dll+0x242bc5]
V  [jvm.dll+0x7cbc5b]
V  [jvm.dll+0x616966]
V  [jvm.dll+0x6169ca]
V  [jvm.dll+0x6191da]
V  [jvm.dll+0x617306]
V  [jvm.dll+0x628019]
V  [jvm.dll+0x621324]
V  [jvm.dll+0x37bb61]
C  0x000001250000c711

Java frames: (J=compiled Java code, j=interpreted, Vv=VM code)
j  sun.util.locale.LocaleUtils.toLower(C)C+0 java.base@17.0.2
j  sun.util.locale.LocaleUtils.caseIgnoreMatch(Ljava/lang/String;Ljava/lang/String;)Z+52 java.base@17.0.2
j  java.util.Locale.getCompatibilityExtensions(Ljava/lang/String;Ljava/lang/String;Ljava/lang/String;Ljava/lang/String;)Lsun/util/locale/LocaleExtensions;+7 java.base@17.0.2
j  java.util.Locale.getInstance(Ljava/lang/String;Ljava/lang/String;Ljava/lang/String;Ljava/lang/String;Lsun/util/locale/LocaleExtensions;)Ljava/util/Locale;+33 java.base@17.0.2
j  java.util.Locale.initDefault()Ljava/util/Locale;+128 java.base@17.0.2
j  java.util.Locale.<clinit>()V+190 java.base@17.0.2
v  ~StubRoutines::call_stub
j  java.lang.String.toLowerCase()Ljava/lang/String;+1 java.base@17.0.2
j  sun.net.util.URLUtil.urlNoFragString(Ljava/net/URL;)Ljava/lang/String;+18 java.base@17.0.2
j  jdk.internal.loader.URLClassPath.getLoader(I)Ljdk/internal/loader/URLClassPath$Loader;+61 java.base@17.0.2
j  jdk.internal.loader.URLClassPath.getResource(Ljava/lang/String;Z)Ljdk/internal/loader/Resource;+42 java.base@17.0.2
j  jdk.internal.loader.BuiltinClassLoader.findClassOnClassPathOrNull(Ljava/lang/String;)Ljava/lang/Class;+26 java.base@17.0.2
j  jdk.internal.loader.BuiltinClassLoader.loadClassOrNull(Ljava/lang/String;Z)Ljava/lang/Class;+111 java.base@17.0.2
j  jdk.internal.loader.BuiltinClassLoader.loadClass(Ljava/lang/String;Z)Ljava/lang/Class;+3 java.base@17.0.2
j  jdk.internal.loader.ClassLoaders$AppClassLoader.loadClass(Ljava/lang/String;Z)Ljava/lang/Class;+36 java.base@17.0.2
j  java.lang.ClassLoader.loadClass(Ljava/lang/String;)Ljava/lang/Class;+3 java.base@17.0.2
j  sun.instrument.InstrumentationImpl.loadClassAndStartAgent(Ljava/lang/String;Ljava/lang/String;Ljava/lang/String;)V+8 java.instrument@17.0.2
j  sun.instrument.InstrumentationImpl.loadClassAndCallPremain(Ljava/lang/String;Ljava/lang/String;)V+6 java.instrument@17.0.2
v  ~StubRoutines::call_stub

---------------  P R O C E S S  ---------------

Threads class SMR info:
_java_thread_list=0x000001257d0461e0, length=11, elements={
0x000001256d44d4e0, 0x000001257c4b6fe0, 0x000001257c4b8b10, 0x000001257c4d15f0,
0x000001257c4d43c0, 0x000001257c4d6650, 0x000001257c4de9f0, 0x000001257c4e0250,
0x000001257c4e1750, 0x000001257c4e9c50, 0x000001257c4a3f00
}

Java Threads: ( => current thread )
=>0x000001256d44d4e0 JavaThread "main" [_thread_in_vm, id=11572, stack(0x0000000a26b00000,0x0000000a26c00000)]
  0x000001257c4b6fe0 JavaThread "Reference Handler" daemon [_thread_blocked, id=9480, stack(0x0000000a27200000,0x0000000a27300000)]
  0x000001257c4b8b10 JavaThread "Finalizer" daemon [_thread_blocked, id=9768, stack(0x0000000a27300000,0x0000000a27400000)]
  0x000001257c4d15f0 JavaThread "Signal Dispatcher" daemon [_thread_blocked, id=1080, stack(0x0000000a27400000,0x0000000a27500000)]
  0x000001257c4d43c0 JavaThread "Attach Listener" daemon [_thread_blocked, id=6324, stack(0x0000000a27500000,0x0000000a27600000)]
  0x000001257c4d6650 JavaThread "Service Thread" daemon [_thread_blocked, id=2524, stack(0x0000000a27600000,0x0000000a27700000)]
  0x000001257c4de9f0 JavaThread "Monitor Deflation Thread" daemon [_thread_blocked, id=22176, stack(0x0000000a27700000,0x0000000a27800000)]
  0x000001257c4e0250 JavaThread "C2 CompilerThread0" daemon [_thread_blocked, id=21076, stack(0x0000000a27800000,0x0000000a27900000)]
  0x000001257c4e1750 JavaThread "C1 CompilerThread0" daemon [_thread_blocked, id=4312, stack(0x0000000a27900000,0x0000000a27a00000)]
  0x000001257c4e9c50 JavaThread "Sweeper thread" daemon [_thread_blocked, id=5800, stack(0x0000000a27a00000,0x0000000a27b00000)]
  0x000001257c4a3f00 JavaThread "Common-Cleaner" daemon [_thread_blocked, id=16136, stack(0x0000000a27b00000,0x0000000a27c00000)]

Other Threads:
  0x000001257c4b1d30 VMThread "VM Thread" [stack: 0x0000000a27100000,0x0000000a27200000] [id=11256]
  0x000001256d48e240 GCTaskThread "GC Thread#0" [stack: 0x0000000a26c00000,0x0000000a26d00000] [id=11616]
  0x000001256d49fce0 ConcurrentGCThread "G1 Main Marker" [stack: 0x0000000a26d00000,0x0000000a26e00000] [id=10960]
  0x000001256d4a0da0 ConcurrentGCThread "G1 Conc#0" [stack: 0x0000000a26e00000,0x0000000a26f00000] [id=18952]
  0x000001256d529720 ConcurrentGCThread "G1 Refine#0" [stack: 0x0000000a26f00000,0x0000000a27000000] [id=19256]
  0x000001256d52a050 ConcurrentGCThread "G1 Service" [stack: 0x0000000a27000000,0x0000000a27100000] [id=17580]

Threads with active compile tasks:

VM state: not at safepoint (normal execution)

VM Mutex/Monitor currently owned by a thread:  ([mutex/lock_event])
[0x000001256d43b280] Metaspace_lock - owner thread: 0x000001256d44d4e0

Heap address: 0x0000000081e00000, size: 2018 MB, Compressed Oops mode: 32-bit

CDS archive(s) mapped at: [0x0000000800000000-0x0000000800bc0000-0x0000000800bc0000), size 12320768, SharedBaseAddress: 0x0000000800000000, ArchiveRelocationMode: 0.
Compressed class space mapped at: 0x0000000800c00000-0x0000000840c00000, reserved size: 1073741824
Narrow klass base: 0x0000000800000000, Narrow klass shift: 0, Narrow klass range: 0x100000000

GC Precious Log:
 CPUs: 8 total, 8 available
 Memory: 8067M
 Large Page Support: Disabled
 NUMA Support: Disabled
 Compressed Oops: Enabled (32-bit)
 Heap Region Size: 1M
 Heap Min Capacity: 8M
 Heap Initial Capacity: 128M
 Heap Max Capacity: 2018M
 Pre-touch: Disabled
 Parallel Workers: 8
 Concurrent Workers: 2
 Concurrent Refinement Workers: 8
 Periodic GC: Disabled

Heap:
 garbage-first heap   total 131072K, used 1024K [0x0000000081e00000, 0x0000000100000000)
  region size 1024K, 2 young (2048K), 0 survivors (0K)
 Metaspace       used 266K, committed 448K, reserved 1056768K
  class space    used 8K, committed 128K, reserved 1048576K

Heap Regions: E=young(eden), S=young(survivor), O=old, HS=humongous(starts), HC=humongous(continues), CS=collection set, F=free, OA=open archive, CA=closed archive, TAMS=top-at-mark-start (previous, next)
|   0|0x0000000081e00000, 0x0000000081e00000, 0x0000000081f00000|  0%| F|  |TAMS 0x0000000081e00000, 0x0000000081e00000| Untracked 
|   1|0x0000000081f00000, 0x0000000081f00000, 0x0000000082000000|  0%| F|  |TAMS 0x0000000081f00000, 0x0000000081f00000| Untracked 
|   2|0x0000000082000000, 0x0000000082000000, 0x0000000082100000|  0%| F|  |TAMS 0x0000000082000000, 0x0000000082000000| Untracked 
|   3|0x0000000082100000, 0x0000000082100000, 0x0000000082200000|  0%| F|  |TAMS 0x0000000082100000, 0x0000000082100000| Untracked 
|   4|0x0000000082200000, 0x0000000082200000, 0x0000000082300000|  0%| F|  |TAMS 0x0000000082200000, 0x0000000082200000| Untracked 
|   5|0x0000000082300000, 0x0000000082300000, 0x0000000082400000|  0%| F|  |TAMS 0x0000000082300000, 0x0000000082300000| Untracked 
|   6|0x0000000082400000, 0x0000000082400000, 0x0000000082500000|  0%| F|  |TAMS 0x0000000082400000, 0x0000000082400000| Untracked 
|   7|0x0000000082500000, 0x0000000082500000, 0x0000000082600000|  0%| F|  |TAMS 0x0000000082500000, 0x0000000082500000| Untracked 
|   8|0x0000000082600000, 0x0000000082600000, 0x0000000082700000|  0%| F|  |TAMS 0x0000000082600000, 0x0000000082600000| Untracked 
|   9|0x0000000082700000, 0x0000000082700000, 0x0000000082800000|  0%| F|  |TAMS 0x0000000082700000, 0x0000000082700000| Untracked 
|  10|0x0000000082800000, 0x0000000082800000, 0x0000000082900000|  0%| F|  |TAMS 0x0000000082800000, 0x0000000082800000| Untracked 
|  11|0x0000000082900000, 0x0000000082900000, 0x0000000082a00000|  0%| F|  |TAMS 0x0000000082900000, 0x0000000082900000| Untracked 
|  12|0x0000000082a00000, 0x0000000082a00000, 0x0000000082b00000|  0%| F|  |TAMS 0x0000000082a00000, 0x0000000082a00000| Untracked 
|  13|0x0000000082b00000, 0x0000000082b00000, 0x0000000082c00000|  0%| F|  |TAMS 0x0000000082b00000, 0x0000000082b00000| Untracked 
|  14|0x0000000082c00000, 0x0000000082c00000, 0x0000000082d00000|  0%| F|  |TAMS 0x0000000082c00000, 0x0000000082c00000| Untracked 
|  15|0x0000000082d00000, 0x0000000082d00000, 0x0000000082e00000|  0%| F|  |TAMS 0x0000000082d00000, 0x0000000082d00000| Untracked 
|  16|0x0000000082e00000, 0x0000000082e00000, 0x0000000082f00000|  0%| F|  |TAMS 0x0000000082e00000, 0x0000000082e00000| Untracked 
|  17|0x0000000082f00000, 0x0000000082f00000, 0x0000000083000000|  0%| F|  |TAMS 0x0000000082f00000, 0x0000000082f00000| Untracked 
|  18|0x0000000083000000, 0x0000000083000000, 0x0000000083100000|  0%| F|  |TAMS 0x0000000083000000, 0x0000000083000000| Untracked 
|  19|0x0000000083100000, 0x0000000083100000, 0x0000000083200000|  0%| F|  |TAMS 0x0000000083100000, 0x0000000083100000| Untracked 
|  20|0x0000000083200000, 0x0000000083200000, 0x0000000083300000|  0%| F|  |TAMS 0x0000000083200000, 0x0000000083200000| Untracked 
|  21|0x0000000083300000, 0x0000000083300000, 0x0000000083400000|  0%| F|  |TAMS 0x0000000083300000, 0x0000000083300000| Untracked 
|  22|0x0000000083400000, 0x0000000083400000, 0x0000000083500000|  0%| F|  |TAMS 0x0000000083400000, 0x0000000083400000| Untracked 
|  23|0x0000000083500000, 0x0000000083500000, 0x0000000083600000|  0%| F|  |TAMS 0x0000000083500000, 0x0000000083500000| Untracked 
|  24|0x0000000083600000, 0x0000000083600000, 0x0000000083700000|  0%| F|  |TAMS 0x0000000083600000, 0x0000000083600000| Untracked 
|  25|0x0000000083700000, 0x0000000083700000, 0x0000000083800000|  0%| F|  |TAMS 0x0000000083700000, 0x0000000083700000| Untracked 
|  26|0x0000000083800000, 0x0000000083800000, 0x0000000083900000|  0%| F|  |TAMS 0x0000000083800000, 0x0000000083800000| Untracked 
|  27|0x0000000083900000, 0x0000000083900000, 0x0000000083a00000|  0%| F|  |TAMS 0x0000000083900000, 0x0000000083900000| Untracked 
|  28|0x0000000083a00000, 0x0000000083a00000, 0x0000000083b00000|  0%| F|  |TAMS 0x0000000083a00000, 0x0000000083a00000| Untracked 
|  29|0x0000000083b00000, 0x0000000083b00000, 0x0000000083c00000|  0%| F|  |TAMS 0x0000000083b00000, 0x0000000083b00000| Untracked 
|  30|0x0000000083c00000, 0x0000000083c00000, 0x0000000083d00000|  0%| F|  |TAMS 0x0000000083c00000, 0x0000000083c00000| Untracked 
|  31|0x0000000083d00000, 0x0000000083d00000, 0x0000000083e00000|  0%| F|  |TAMS 0x0000000083d00000, 0x0000000083d00000| Untracked 
|  32|0x0000000083e00000, 0x0000000083e00000, 0x0000000083f00000|  0%| F|  |TAMS 0x0000000083e00000, 0x0000000083e00000| Untracked 
|  33|0x0000000083f00000, 0x0000000083f00000, 0x0000000084000000|  0%| F|  |TAMS 0x0000000083f00000, 0x0000000083f00000| Untracked 
|  34|0x0000000084000000, 0x0000000084000000, 0x0000000084100000|  0%| F|  |TAMS 0x0000000084000000, 0x0000000084000000| Untracked 
|  35|0x0000000084100000, 0x0000000084100000, 0x0000000084200000|  0%| F|  |TAMS 0x0000000084100000, 0x0000000084100000| Untracked 
|  36|0x0000000084200000, 0x0000000084200000, 0x0000000084300000|  0%| F|  |TAMS 0x0000000084200000, 0x0000000084200000| Untracked 
|  37|0x0000000084300000, 0x0000000084300000, 0x0000000084400000|  0%| F|  |TAMS 0x0000000084300000, 0x0000000084300000| Untracked 
|  38|0x0000000084400000, 0x0000000084400000, 0x0000000084500000|  0%| F|  |TAMS 0x0000000084400000, 0x0000000084400000| Untracked 
|  39|0x0000000084500000, 0x0000000084500000, 0x0000000084600000|  0%| F|  |TAMS 0x0000000084500000, 0x0000000084500000| Untracked 
|  40|0x0000000084600000, 0x0000000084600000, 0x0000000084700000|  0%| F|  |TAMS 0x0000000084600000, 0x0000000084600000| Untracked 
|  41|0x0000000084700000, 0x0000000084700000, 0x0000000084800000|  0%| F|  |TAMS 0x0000000084700000, 0x0000000084700000| Untracked 
|  42|0x0000000084800000, 0x0000000084800000, 0x0000000084900000|  0%| F|  |TAMS 0x0000000084800000, 0x0000000084800000| Untracked 
|  43|0x0000000084900000, 0x0000000084900000, 0x0000000084a00000|  0%| F|  |TAMS 0x0000000084900000, 0x0000000084900000| Untracked 
|  44|0x0000000084a00000, 0x0000000084a00000, 0x0000000084b00000|  0%| F|  |TAMS 0x0000000084a00000, 0x0000000084a00000| Untracked 
|  45|0x0000000084b00000, 0x0000000084b00000, 0x0000000084c00000|  0%| F|  |TAMS 0x0000000084b00000, 0x0000000084b00000| Untracked 
|  46|0x0000000084c00000, 0x0000000084c00000, 0x0000000084d00000|  0%| F|  |TAMS 0x0000000084c00000, 0x0000000084c00000| Untracked 
|  47|0x0000000084d00000, 0x0000000084d00000, 0x0000000084e00000|  0%| F|  |TAMS 0x0000000084d00000, 0x0000000084d00000| Untracked 
|  48|0x0000000084e00000, 0x0000000084e00000, 0x0000000084f00000|  0%| F|  |TAMS 0x0000000084e00000, 0x0000000084e00000| Untracked 
|  49|0x0000000084f00000, 0x0000000084f00000, 0x0000000085000000|  0%| F|  |TAMS 0x0000000084f00000, 0x0000000084f00000| Untracked 
|  50|0x0000000085000000, 0x0000000085000000, 0x0000000085100000|  0%| F|  |TAMS 0x0000000085000000, 0x0000000085000000| Untracked 
|  51|0x0000000085100000, 0x0000000085100000, 0x0000000085200000|  0%| F|  |TAMS 0x0000000085100000, 0x0000000085100000| Untracked 
|  52|0x0000000085200000, 0x0000000085200000, 0x0000000085300000|  0%| F|  |TAMS 0x0000000085200000, 0x0000000085200000| Untracked 
|  53|0x0000000085300000, 0x0000000085300000, 0x0000000085400000|  0%| F|  |TAMS 0x0000000085300000, 0x0000000085300000| Untracked 
|  54|0x0000000085400000, 0x0000000085400000, 0x0000000085500000|  0%| F|  |TAMS 0x0000000085400000, 0x0000000085400000| Untracked 
|  55|0x0000000085500000, 0x0000000085500000, 0x0000000085600000|  0%| F|  |TAMS 0x0000000085500000, 0x0000000085500000| Untracked 
|  56|0x0000000085600000, 0x0000000085600000, 0x0000000085700000|  0%| F|  |TAMS 0x0000000085600000, 0x0000000085600000| Untracked 
|  57|0x0000000085700000, 0x0000000085700000, 0x0000000085800000|  0%| F|  |TAMS 0x0000000085700000, 0x0000000085700000| Untracked 
|  58|0x0000000085800000, 0x0000000085800000, 0x0000000085900000|  0%| F|  |TAMS 0x0000000085800000, 0x0000000085800000| Untracked 
|  59|0x0000000085900000, 0x0000000085900000, 0x0000000085a00000|  0%| F|  |TAMS 0x0000000085900000, 0x0000000085900000| Untracked 
|  60|0x0000000085a00000, 0x0000000085a00000, 0x0000000085b00000|  0%| F|  |TAMS 0x0000000085a00000, 0x0000000085a00000| Untracked 
|  61|0x0000000085b00000, 0x0000000085b00000, 0x0000000085c00000|  0%| F|  |TAMS 0x0000000085b00000, 0x0000000085b00000| Untracked 
|  62|0x0000000085c00000, 0x0000000085c00000, 0x0000000085d00000|  0%| F|  |TAMS 0x0000000085c00000, 0x0000000085c00000| Untracked 
|  63|0x0000000085d00000, 0x0000000085d00000, 0x0000000085e00000|  0%| F|  |TAMS 0x0000000085d00000, 0x0000000085d00000| Untracked 
|  64|0x0000000085e00000, 0x0000000085e00000, 0x0000000085f00000|  0%| F|  |TAMS 0x0000000085e00000, 0x0000000085e00000| Untracked 
|  65|0x0000000085f00000, 0x0000000085f00000, 0x0000000086000000|  0%| F|  |TAMS 0x0000000085f00000, 0x0000000085f00000| Untracked 
|  66|0x0000000086000000, 0x0000000086000000, 0x0000000086100000|  0%| F|  |TAMS 0x0000000086000000, 0x0000000086000000| Untracked 
|  67|0x0000000086100000, 0x0000000086100000, 0x0000000086200000|  0%| F|  |TAMS 0x0000000086100000, 0x0000000086100000| Untracked 
|  68|0x0000000086200000, 0x0000000086200000, 0x0000000086300000|  0%| F|  |TAMS 0x0000000086200000, 0x0000000086200000| Untracked 
|  69|0x0000000086300000, 0x0000000086300000, 0x0000000086400000|  0%| F|  |TAMS 0x0000000086300000, 0x0000000086300000| Untracked 
|  70|0x0000000086400000, 0x0000000086400000, 0x0000000086500000|  0%| F|  |TAMS 0x0000000086400000, 0x0000000086400000| Untracked 
|  71|0x0000000086500000, 0x0000000086500000, 0x0000000086600000|  0%| F|  |TAMS 0x0000000086500000, 0x0000000086500000| Untracked 
|  72|0x0000000086600000, 0x0000000086600000, 0x0000000086700000|  0%| F|  |TAMS 0x0000000086600000, 0x0000000086600000| Untracked 
|  73|0x0000000086700000, 0x0000000086700000, 0x0000000086800000|  0%| F|  |TAMS 0x0000000086700000, 0x0000000086700000| Untracked 
|  74|0x0000000086800000, 0x0000000086800000, 0x0000000086900000|  0%| F|  |TAMS 0x0000000086800000, 0x0000000086800000| Untracked 
|  75|0x0000000086900000, 0x0000000086900000, 0x0000000086a00000|  0%| F|  |TAMS 0x0000000086900000, 0x0000000086900000| Untracked 
|  76|0x0000000086a00000, 0x0000000086a00000, 0x0000000086b00000|  0%| F|  |TAMS 0x0000000086a00000, 0x0000000086a00000| Untracked 
|  77|0x0000000086b00000, 0x0000000086b00000, 0x0000000086c00000|  0%| F|  |TAMS 0x0000000086b00000, 0x0000000086b00000| Untracked 
|  78|0x0000000086c00000, 0x0000000086c00000, 0x0000000086d00000|  0%| F|  |TAMS 0x0000000086c00000, 0x0000000086c00000| Untracked 
|  79|0x0000000086d00000, 0x0000000086d00000, 0x0000000086e00000|  0%| F|  |TAMS 0x0000000086d00000, 0x0000000086d00000| Untracked 
|  80|0x0000000086e00000, 0x0000000086e00000, 0x0000000086f00000|  0%| F|  |TAMS 0x0000000086e00000, 0x0000000086e00000| Untracked 
|  81|0x0000000086f00000, 0x0000000086f00000, 0x0000000087000000|  0%| F|  |TAMS 0x0000000086f00000, 0x0000000086f00000| Untracked 
|  82|0x0000000087000000, 0x0000000087000000, 0x0000000087100000|  0%| F|  |TAMS 0x0000000087000000, 0x0000000087000000| Untracked 
|  83|0x0000000087100000, 0x0000000087100000, 0x0000000087200000|  0%| F|  |TAMS 0x0000000087100000, 0x0000000087100000| Untracked 
|  84|0x0000000087200000, 0x0000000087200000, 0x0000000087300000|  0%| F|  |TAMS 0x0000000087200000, 0x0000000087200000| Untracked 
|  85|0x0000000087300000, 0x0000000087300000, 0x0000000087400000|  0%| F|  |TAMS 0x0000000087300000, 0x0000000087300000| Untracked 
|  86|0x0000000087400000, 0x0000000087400000, 0x0000000087500000|  0%| F|  |TAMS 0x0000000087400000, 0x0000000087400000| Untracked 
|  87|0x0000000087500000, 0x0000000087500000, 0x0000000087600000|  0%| F|  |TAMS 0x0000000087500000, 0x0000000087500000| Untracked 
|  88|0x0000000087600000, 0x0000000087600000, 0x0000000087700000|  0%| F|  |TAMS 0x0000000087600000, 0x0000000087600000| Untracked 
|  89|0x0000000087700000, 0x0000000087700000, 0x0000000087800000|  0%| F|  |TAMS 0x0000000087700000, 0x0000000087700000| Untracked 
|  90|0x0000000087800000, 0x0000000087800000, 0x0000000087900000|  0%| F|  |TAMS 0x0000000087800000, 0x0000000087800000| Untracked 
|  91|0x0000000087900000, 0x0000000087900000, 0x0000000087a00000|  0%| F|  |TAMS 0x0000000087900000, 0x0000000087900000| Untracked 
|  92|0x0000000087a00000, 0x0000000087a00000, 0x0000000087b00000|  0%| F|  |TAMS 0x0000000087a00000, 0x0000000087a00000| Untracked 
|  93|0x0000000087b00000, 0x0000000087b00000, 0x0000000087c00000|  0%| F|  |TAMS 0x0000000087b00000, 0x0000000087b00000| Untracked 
|  94|0x0000000087c00000, 0x0000000087c00000, 0x0000000087d00000|  0%| F|  |TAMS 0x0000000087c00000, 0x0000000087c00000| Untracked 
|  95|0x0000000087d00000, 0x0000000087d00000, 0x0000000087e00000|  0%| F|  |TAMS 0x0000000087d00000, 0x0000000087d00000| Untracked 
|  96|0x0000000087e00000, 0x0000000087e00000, 0x0000000087f00000|  0%| F|  |TAMS 0x0000000087e00000, 0x0000000087e00000| Untracked 
|  97|0x0000000087f00000, 0x0000000087f00000, 0x0000000088000000|  0%| F|  |TAMS 0x0000000087f00000, 0x0000000087f00000| Untracked 
|  98|0x0000000088000000, 0x0000000088000000, 0x0000000088100000|  0%| F|  |TAMS 0x0000000088000000, 0x0000000088000000| Untracked 
|  99|0x0000000088100000, 0x0000000088100000, 0x0000000088200000|  0%| F|  |TAMS 0x0000000088100000, 0x0000000088100000| Untracked 
| 100|0x0000000088200000, 0x0000000088200000, 0x0000000088300000|  0%| F|  |TAMS 0x0000000088200000, 0x0000000088200000| Untracked 
| 101|0x0000000088300000, 0x0000000088300000, 0x0000000088400000|  0%| F|  |TAMS 0x0000000088300000, 0x0000000088300000| Untracked 
| 102|0x0000000088400000, 0x0000000088400000, 0x0000000088500000|  0%| F|  |TAMS 0x0000000088400000, 0x0000000088400000| Untracked 
| 103|0x0000000088500000, 0x0000000088500000, 0x0000000088600000|  0%| F|  |TAMS 0x0000000088500000, 0x0000000088500000| Untracked 
| 104|0x0000000088600000, 0x0000000088600000, 0x0000000088700000|  0%| F|  |TAMS 0x0000000088600000, 0x0000000088600000| Untracked 
| 105|0x0000000088700000, 0x0000000088700000, 0x0000000088800000|  0%| F|  |TAMS 0x0000000088700000, 0x0000000088700000| Untracked 
| 106|0x0000000088800000, 0x0000000088800000, 0x0000000088900000|  0%| F|  |TAMS 0x0000000088800000, 0x0000000088800000| Untracked 
| 107|0x0000000088900000, 0x0000000088900000, 0x0000000088a00000|  0%| F|  |TAMS 0x0000000088900000, 0x0000000088900000| Untracked 
| 108|0x0000000088a00000, 0x0000000088a00000, 0x0000000088b00000|  0%| F|  |TAMS 0x0000000088a00000, 0x0000000088a00000| Untracked 
| 109|0x0000000088b00000, 0x0000000088b00000, 0x0000000088c00000|  0%| F|  |TAMS 0x0000000088b00000, 0x0000000088b00000| Untracked 
| 110|0x0000000088c00000, 0x0000000088c00000, 0x0000000088d00000|  0%| F|  |TAMS 0x0000000088c00000, 0x0000000088c00000| Untracked 
| 111|0x0000000088d00000, 0x0000000088d00000, 0x0000000088e00000|  0%| F|  |TAMS 0x0000000088d00000, 0x0000000088d00000| Untracked 
| 112|0x0000000088e00000, 0x0000000088e00000, 0x0000000088f00000|  0%| F|  |TAMS 0x0000000088e00000, 0x0000000088e00000| Untracked 
| 113|0x0000000088f00000, 0x0000000088f00000, 0x0000000089000000|  0%| F|  |TAMS 0x0000000088f00000, 0x0000000088f00000| Untracked 
| 114|0x0000000089000000, 0x0000000089000000, 0x0000000089100000|  0%| F|  |TAMS 0x0000000089000000, 0x0000000089000000| Untracked 
| 115|0x0000000089100000, 0x0000000089100000, 0x0000000089200000|  0%| F|  |TAMS 0x0000000089100000, 0x0000000089100000| Untracked 
| 116|0x0000000089200000, 0x0000000089200000, 0x0000000089300000|  0%| F|  |TAMS 0x0000000089200000, 0x0000000089200000| Untracked 
| 117|0x0000000089300000, 0x0000000089300000, 0x0000000089400000|  0%| F|  |TAMS 0x0000000089300000, 0x0000000089300000| Untracked 
| 118|0x0000000089400000, 0x0000000089400000, 0x0000000089500000|  0%| F|  |TAMS 0x0000000089400000, 0x0000000089400000| Untracked 
| 119|0x0000000089500000, 0x0000000089500000, 0x0000000089600000|  0%| F|  |TAMS 0x0000000089500000, 0x0000000089500000| Untracked 
| 120|0x0000000089600000, 0x0000000089600000, 0x0000000089700000|  0%| F|  |TAMS 0x0000000089600000, 0x0000000089600000| Untracked 
| 121|0x0000000089700000, 0x0000000089700000, 0x0000000089800000|  0%| F|  |TAMS 0x0000000089700000, 0x0000000089700000| Untracked 
| 122|0x0000000089800000, 0x0000000089800000, 0x0000000089900000|  0%| F|  |TAMS 0x0000000089800000, 0x0000000089800000| Untracked 
| 123|0x0000000089900000, 0x0000000089900000, 0x0000000089a00000|  0%| F|  |TAMS 0x0000000089900000, 0x0000000089900000| Untracked 
| 124|0x0000000089a00000, 0x0000000089a00000, 0x0000000089b00000|  0%| F|  |TAMS 0x0000000089a00000, 0x0000000089a00000| Untracked 
| 125|0x0000000089b00000, 0x0000000089b00000, 0x0000000089c00000|  0%| F|  |TAMS 0x0000000089b00000, 0x0000000089b00000| Untracked 
| 126|0x0000000089c00000, 0x0000000089cec120, 0x0000000089d00000| 92%| E|  |TAMS 0x0000000089c00000, 0x0000000089c00000| Complete 
| 127|0x0000000089d00000, 0x0000000089e00000, 0x0000000089e00000|100%| E|CS|TAMS 0x0000000089d00000, 0x0000000089d00000| Complete 

Card table byte_map: [0x00000125753d0000,0x00000125757d0000] _byte_map_base: 0x0000012574fc1000

Marking Bits (Prev, Next): (CMBitMap*) 0x000001256d48f770, (CMBitMap*) 0x000001256d48f7b0
 Prev Bits: [0x0000012575bd0000, 0x0000012577b58000)
 Next Bits: [0x0000012577b60000, 0x0000012579ae8000)

Polling page: 0x000001256b410000

Metaspace:

Usage:
  Non-class:    257.10 KB used.
      Class:      8.95 KB used.
       Both:    266.05 KB used.

Virtual space:
  Non-class space:        8.00 MB reserved,     320.00 KB (  4%) committed,  1 nodes.
      Class space:        1.00 GB reserved,     128.00 KB ( <1%) committed,  1 nodes.
             Both:        1.01 GB reserved,     448.00 KB ( <1%) committed. 

Chunk freelists:
   Non-Class:  4.00 MB
       Class:  3.75 MB
        Both:  7.75 MB

MaxMetaspaceSize: unlimited
CompressedClassSpaceSize: 1.00 GB
Initial GC threshold: 21.00 MB
Current GC threshold: 21.00 MB
CDS: on
MetaspaceReclaimPolicy: balanced
 - commit_granule_bytes: 65536.
 - commit_granule_words: 8192.
 - virtual_space_node_default_size: 1048576.
 - enlarge_chunks_in_place: 1.
 - new_chunks_are_fully_committed: 0.
 - uncommit_free_chunks: 1.
 - use_allocation_guard: 0.
 - handle_deallocations: 1.


Internal statistics:

num_allocs_failed_limit: 0.
num_arena_births: 4.
num_arena_deaths: 0.
num_vsnodes_births: 2.
num_vsnodes_deaths: 0.
num_space_committed: 7.
num_space_uncommitted: 0.
num_chunks_returned_to_freelist: 0.
num_chunks_taken_from_freelist: 5.
num_chunk_merges: 0.
num_chunk_splits: 2.
num_chunks_enlarged: 1.
num_purges: 0.
num_inconsistent_stats: 0.

CodeHeap 'non-profiled nmethods': size=120000Kb used=52Kb max_used=52Kb free=119947Kb
 bounds [0x0000012507ad0000, 0x0000012507d40000, 0x000001250f000000]
CodeHeap 'profiled nmethods': size=120000Kb used=161Kb max_used=161Kb free=119838Kb
 bounds [0x00000125005a0000, 0x0000012500810000, 0x0000012507ad0000]
CodeHeap 'non-nmethods': size=5760Kb used=1073Kb max_used=1091Kb free=4687Kb
 bounds [0x0000012500000000, 0x0000012500270000, 0x00000125005a0000]
 total_blobs=490 nmethods=151 adapters=252
 compilation: enabled
              stopped_count=0, restarted_count=0
 full_count=0

Compilation events (20 events):
Event: 0.090 Thread 0x000001257c4e1750  141       3       java.util.ImmutableCollections$Set12$1::<init> (32 bytes)
Event: 0.090 Thread 0x000001257c4e1750 nmethod 141 0x00000125005c5110 code [0x00000125005c52c0, 0x00000125005c54f8]
Event: 0.090 Thread 0x000001257c4e1750  143       3       java.util.ImmutableCollections$Set12$1::next (95 bytes)
Event: 0.090 Thread 0x000001257c4e1750 nmethod 143 0x00000125005c5610 code [0x00000125005c57e0, 0x00000125005c5ac8]
Event: 0.090 Thread 0x000001257c4e1750  145       3       java.util.AbstractSet::<init> (5 bytes)
Event: 0.090 Thread 0x000001257c4e1750 nmethod 145 0x00000125005c5c10 code [0x00000125005c5dc0, 0x00000125005c5f78]
Event: 0.091 Thread 0x000001257c4e1750  146       1       java.lang.module.ResolvedModule::configuration (5 bytes)
Event: 0.091 Thread 0x000001257c4e1750 nmethod 146 0x0000012507adb090 code [0x0000012507adb220, 0x0000012507adb2f8]
Event: 0.091 Thread 0x000001257c4e1750  147       1       java.lang.module.ModuleDescriptor::isOpen (5 bytes)
Event: 0.091 Thread 0x000001257c4e1750 nmethod 147 0x0000012507adb390 code [0x0000012507adb520, 0x0000012507adb5f8]
Event: 0.091 Thread 0x000001257c4e1750  148       1       java.util.HashMap::size (5 bytes)
Event: 0.091 Thread 0x000001257c4e1750 nmethod 148 0x0000012507adb690 code [0x0000012507adb820, 0x0000012507adb8f8]
Event: 0.091 Thread 0x000001257c4e1750  149       1       java.lang.module.ModuleDescriptor$Provides::service (5 bytes)
Event: 0.091 Thread 0x000001257c4e1750 nmethod 149 0x0000012507adb990 code [0x0000012507adbb20, 0x0000012507adbbf8]
Event: 0.095 Thread 0x000001257c4e1750  150       3       java.lang.Class::getClassLoader (28 bytes)
Event: 0.096 Thread 0x000001257c4e1750 nmethod 150 0x00000125005c6090 code [0x00000125005c62e0, 0x00000125005c6d38]
Event: 0.096 Thread 0x000001257c4e1750  151       3       java.lang.StringLatin1::indexOfChar (33 bytes)
Event: 0.097 Thread 0x000001257c4e1750 nmethod 151 0x00000125005c7090 code [0x00000125005c7240, 0x00000125005c7478]
Event: 0.097 Thread 0x000001257c4e1750  152       3       java.util.Arrays::copyOfRange (64 bytes)
Event: 0.098 Thread 0x000001257c4e1750 nmethod 152 0x00000125005c7590 code [0x00000125005c7800, 0x00000125005c8118]

GC Heap History (0 events):
No events

Deoptimization events (0 events):
No events

Classes unloaded (0 events):
No events

Classes redefined (0 events):
No events

Internal exceptions (0 events):
No events

VM Operations (0 events):
No events

Events (20 events):
Event: 0.032 loading class sun/nio/cs/UTF_8$Encoder
Event: 0.032 loading class sun/nio/cs/UTF_8$Encoder done
Event: 0.033 Thread 0x000001257c4d15f0 Thread added: 0x000001257c4d15f0
Event: 0.033 Thread 0x000001257c4d43c0 Thread added: 0x000001257c4d43c0
Event: 0.033 Thread 0x000001257c4d6650 Thread added: 0x000001257c4d6650
Event: 0.033 Thread 0x000001257c4de9f0 Thread added: 0x000001257c4de9f0
Event: 0.034 Thread 0x000001257c4e0250 Thread added: 0x000001257c4e0250
Event: 0.034 Thread 0x000001257c4e1750 Thread added: 0x000001257c4e1750
Event: 0.034 Thread 0x000001257c4e9c50 Thread added: 0x000001257c4e9c50
Event: 0.061 Thread 0x000001257c4a3f00 Thread added: 0x000001257c4a3f00
Event: 0.093 Loaded shared library E:\IDE-tools\Jdk\bin\zip.dll
Event: 0.095 loading class sun/instrument/InstrumentationImpl
Event: 0.095 loading class java/lang/instrument/Instrumentation
Event: 0.095 loading class java/lang/instrument/Instrumentation done
Event: 0.095 loading class sun/instrument/InstrumentationImpl done
Event: 0.099 Loaded shared library E:\IDE-tools\Jdk\bin\instrument.dll
Event: 0.099 loading class sun/instrument/TransformerManager
Event: 0.100 loading class sun/instrument/TransformerManager done
Event: 0.100 loading class sun/instrument/TransformerManager$TransformerInfo
Event: 0.100 loading class sun/instrument/TransformerManager$TransformerInfo done


Dynamic libraries:
0x00007ff7898c0000 - 0x00007ff7898ce000 	E:\IDE-tools\Jdk\bin\java.exe
0x00007ffb8dc90000 - 0x00007ffb8de87000 	C:\WINDOWS\SYSTEM32\ntdll.dll
0x00007ffb8c9d0000 - 0x00007ffb8ca8d000 	C:\WINDOWS\System32\KERNEL32.DLL
0x00007ffb8b6b0000 - 0x00007ffb8b97d000 	C:\WINDOWS\System32\KERNELBASE.dll
0x00007ffb8bbc0000 - 0x00007ffb8bcc0000 	C:\WINDOWS\System32\ucrtbase.dll
0x00007ffb869f0000 - 0x00007ffb86a0a000 	E:\IDE-tools\Jdk\bin\VCRUNTIME140.dll
0x00007ffb77c70000 - 0x00007ffb77c88000 	E:\IDE-tools\Jdk\bin\jli.dll
0x00007ffb8d5e0000 - 0x00007ffb8d780000 	C:\WINDOWS\System32\USER32.dll
0x00007ffb8b980000 - 0x00007ffb8b9a2000 	C:\WINDOWS\System32\win32u.dll
0x00007ffb78080000 - 0x00007ffb7831a000 	C:\WINDOWS\WinSxS\amd64_microsoft.windows.common-controls_6595b64144ccf1df_6.0.19041.1110_none_60b5254171f9507e\COMCTL32.dll
0x00007ffb8c010000 - 0x00007ffb8c03a000 	C:\WINDOWS\System32\GDI32.dll
0x00007ffb8c400000 - 0x00007ffb8c49e000 	C:\WINDOWS\System32\msvcrt.dll
0x00007ffb8b5a0000 - 0x00007ffb8b6ab000 	C:\WINDOWS\System32\gdi32full.dll
0x00007ffb8bab0000 - 0x00007ffb8bb4d000 	C:\WINDOWS\System32\msvcp_win.dll
0x00007ffb8bea0000 - 0x00007ffb8bed0000 	C:\WINDOWS\System32\IMM32.DLL
0x00007ffb86270000 - 0x00007ffb8627c000 	E:\IDE-tools\Jdk\bin\vcruntime140_1.dll
0x00007ffb503c0000 - 0x00007ffb5044d000 	E:\IDE-tools\Jdk\bin\msvcp140.dll
0x00007ffb102a0000 - 0x00007ffb10e61000 	E:\IDE-tools\Jdk\bin\server\jvm.dll
0x00007ffb8caa0000 - 0x00007ffb8cb4e000 	C:\WINDOWS\System32\ADVAPI32.dll
0x00007ffb8d780000 - 0x00007ffb8d81c000 	C:\WINDOWS\System32\sechost.dll
0x00007ffb8c270000 - 0x00007ffb8c395000 	C:\WINDOWS\System32\RPCRT4.dll
0x00007ffb8c000000 - 0x00007ffb8c008000 	C:\WINDOWS\System32\PSAPI.DLL
0x00007ffb72360000 - 0x00007ffb72369000 	C:\WINDOWS\SYSTEM32\WSOCK32.dll
0x00007ffb80380000 - 0x00007ffb803a7000 	C:\WINDOWS\SYSTEM32\WINMM.dll
0x00007ffb8dbe0000 - 0x00007ffb8dc4b000 	C:\WINDOWS\System32\WS2_32.dll
0x00007ffb84f20000 - 0x00007ffb84f2a000 	C:\WINDOWS\SYSTEM32\VERSION.dll
0x00007ffb892b0000 - 0x00007ffb892c2000 	C:\WINDOWS\SYSTEM32\kernel.appcore.dll
0x00007ffb62eb0000 - 0x00007ffb62eba000 	E:\IDE-tools\Jdk\bin\jimage.dll
0x00007ffb75190000 - 0x00007ffb75374000 	C:\WINDOWS\SYSTEM32\DBGHELP.DLL
0x00007ffb73810000 - 0x00007ffb7383c000 	C:\WINDOWS\SYSTEM32\dbgcore.DLL
0x00007ffb8b510000 - 0x00007ffb8b592000 	C:\WINDOWS\System32\bcryptPrimitives.dll
0x00007ffb62ea0000 - 0x00007ffb62eae000 	E:\IDE-tools\Jdk\bin\instrument.dll
0x00007ffb56c10000 - 0x00007ffb56c35000 	E:\IDE-tools\Jdk\bin\java.dll
0x00007ffb4ee70000 - 0x00007ffb4ef46000 	E:\IDE-tools\Jdk\bin\jsvml.dll
0x00007ffb8ce90000 - 0x00007ffb8d5d4000 	C:\WINDOWS\System32\SHELL32.dll
0x00007ffb894b0000 - 0x00007ffb89c44000 	C:\WINDOWS\SYSTEM32\windows.storage.dll
0x00007ffb8d820000 - 0x00007ffb8db74000 	C:\WINDOWS\System32\combase.dll
0x00007ffb8ae10000 - 0x00007ffb8ae3c000 	C:\WINDOWS\SYSTEM32\Wldp.dll
0x00007ffb8cc20000 - 0x00007ffb8cccd000 	C:\WINDOWS\System32\SHCORE.dll
0x00007ffb8c3a0000 - 0x00007ffb8c3f5000 	C:\WINDOWS\System32\shlwapi.dll
0x00007ffb8b2f0000 - 0x00007ffb8b30f000 	C:\WINDOWS\SYSTEM32\profapi.dll
0x00007ffb57980000 - 0x00007ffb57998000 	E:\IDE-tools\Jdk\bin\zip.dll

dbghelp: loaded successfully - version: 4.0.5 - missing functions: none
symbol engine: initialized successfully - sym options: 0x614 - pdb path: .;E:\IDE-tools\Jdk\bin;C:\WINDOWS\SYSTEM32;C:\WINDOWS\WinSxS\amd64_microsoft.windows.common-controls_6595b64144ccf1df_6.0.19041.1110_none_60b5254171f9507e;E:\IDE-tools\Jdk\bin\server

VM Arguments:
jvm_args: -javaagent:E:\IDE-tools\IntelliJ IDEA 2021.3.1\lib\idea_rt.jar=61397:E:\IDE-tools\IntelliJ IDEA 2021.3.1\bin -Dfile.encoding=UTF-8 
java_command: com.company.Main
java_class_path (initial): E:\IT\GnomSort\out\production\GnomSort
Launcher Type: SUN_STANDARD

[Global flags]
     intx CICompilerCount                          = 4                                         {product} {ergonomic}
     uint ConcGCThreads                            = 2                                         {product} {ergonomic}
     uint G1ConcRefinementThreads                  = 8                                         {product} {ergonomic}
   size_t G1HeapRegionSize                         = 1048576                                   {product} {ergonomic}
    uintx GCDrainStackTargetSize                   = 64                                        {product} {ergonomic}
   size_t InitialHeapSize                          = 134217728                                 {product} {ergonomic}
   size_t MarkStackSize                            = 4194304                                   {product} {ergonomic}
   size_t MaxHeapSize                              = 2116026368                                {product} {ergonomic}
   size_t MaxNewSize                               = 1268776960                                {product} {ergonomic}
   size_t MinHeapDeltaBytes                        = 1048576                                   {product} {ergonomic}
   size_t MinHeapSize                              = 8388608                                   {product} {ergonomic}
    uintx NonNMethodCodeHeapSize                   = 5839372                                {pd product} {ergonomic}
    uintx NonProfiledCodeHeapSize                  = 122909434                              {pd product} {ergonomic}
    uintx ProfiledCodeHeapSize                     = 122909434                              {pd product} {ergonomic}
    uintx ReservedCodeCacheSize                    = 251658240                              {pd product} {ergonomic}
     bool SegmentedCodeCache                       = true                                      {product} {ergonomic}
   size_t SoftMaxHeapSize                          = 2116026368                             {manageable} {ergonomic}
     bool UseCompressedClassPointers               = true                           {product lp64_product} {ergonomic}
     bool UseCompressedOops                        = true                           {product lp64_product} {ergonomic}
     bool UseG1GC                                  = true                                      {product} {ergonomic}
     bool UseLargePagesIndividualAllocation        = false                                  {pd product} {ergonomic}

Logging:
Log output configuration:
 #0: stdout all=warning uptime,level,tags
 #1: stderr all=off uptime,level,tags

Environment Variables:
PATH=E:\oraclexe\app\oracle\product\11.2.0\server\bin;;C:\WINDOWS\system32;C:\WINDOWS;C:\WINDOWS\System32\Wbem;C:\WINDOWS\System32\WindowsPowerShell\v1.0\;C:\WINDOWS\System32\OpenSSH\;C:\Program Files\dotnet\;E:\bracket\command;C:\Program Files\Microsoft SQL Server\130\Tools\Binn\;E:\Git\cmd;C:\Program Files\Microsoft SQL Server\Client SDK\ODBC\170\Tools\Binn\;C:\Program Files (x86)\Microsoft SQL Server\150\Tools\Binn\;C:\Program Files\Microsoft SQL Server\150\Tools\Binn\;C:\Program Files\Microsoft SQL Server\150\DTS\Binn\;C:\Program Files (x86)\Microsoft SQL Server\150\DTS\Binn\;C:\Program Files\Azure Data Studio\bin;E:\IDE-tools\Node\;C:\Program Files\MySQL\MySQL Shell 8.0\bin\;C:\Users\usr\AppData\Local\Microsoft\WindowsApps;C:\Users\usr\AppData\Local\GitHubDesktop\bin;C:\Users\usr\.dotnet\tools;C:\Program Files\Azure Data Studio\bin;E:\Microsoft VS Code\bin;C:\Users\usr\AppData\Roaming\npm;C:\Users\usr\.dotnet\tools;E:\HEICtoJPG\;C:\Users\usr\AppData\Local\Microsoft\WindowsApps;
USERNAME=usr
OS=Windows_NT
PROCESSOR_IDENTIFIER=Intel64 Family 6 Model 142 Stepping 10, GenuineIntel



---------------  S Y S T E M  ---------------

OS:
 Windows 10 , 64 bit Build 19041 (10.0.19041.1741)
OS uptime: 9 days 6:09 hours

CPU: total 8 (initial active 8) (4 cores per cpu, 2 threads per core) family 6 model 142 stepping 10 microcode 0xb4, cx8, cmov, fxsr, ht, mmx, 3dnowpref, sse, sse2, sse3, ssse3, sse4.1, sse4.2, popcnt, lzcnt, tsc, tscinvbit, avx, avx2, aes, erms, clmul, bmi1, bmi2, adx, fma, vzeroupper, clflush, clflushopt

Memory: 4k page, system-wide physical 8067M (983M free)
TotalPageFile size 12067M (AvailPageFile size 0M)
current process WorkingSet (physical memory assigned to process): 29M, peak: 29M
current process commit charge ("private bytes"): 210M, peak: 210M

vm_info: OpenJDK 64-Bit Server VM (17.0.2+8-86) for windows-amd64 JRE (17.0.2+8-86), built on Dec  7 2021 21:49:10 by "mach5one" with MS VC++ 16.8 / 16.9 (VS2019)

END.
